<?xml version="1.0" encoding="UTF-8"?>
<testng-results skipped="0" failed="1" ignored="0" total="5" passed="4">
  <reporter-output>
  </reporter-output>
  <suite name="Default suite" duration-ms="54718" started-at="2021-01-18T10:13:33 CST" finished-at="2021-01-18T10:14:27 CST">
    <groups>
      <group name="link">
        <method signature="GoogleTest.googlelinkText()[pri:3, instance:com.test.GoogleTest@7e9a5fbe]" name="googlelinkText" class="com.test.GoogleTest"/>
      </group> <!-- link -->
      <group name="Title">
        <method signature="GoogleTest.googleTitleTest()[pri:1, instance:com.test.GoogleTest@7e9a5fbe]" name="googleTitleTest" class="com.test.GoogleTest"/>
      </group> <!-- Title -->
      <group name="logo">
        <method signature="GoogleTest.googleLogoTest()[pri:2, instance:com.test.GoogleTest@7e9a5fbe]" name="googleLogoTest" class="com.test.GoogleTest"/>
      </group> <!-- logo -->
      <group name="samples">
        <method signature="GoogleTest.anotherSample()[pri:4, instance:com.test.GoogleTest@7e9a5fbe]" name="anotherSample" class="com.test.GoogleTest"/>
        <method signature="GoogleTest.sample()[pri:4, instance:com.test.GoogleTest@7e9a5fbe]" name="sample" class="com.test.GoogleTest"/>
      </group> <!-- samples -->
    </groups>
    <test name="Default test" duration-ms="54718" started-at="2021-01-18T10:13:33 CST" finished-at="2021-01-18T10:14:27 CST">
      <class name="com.test.GoogleTest">
        <test-method status="PASS" signature="setUp()[pri:0, instance:com.test.GoogleTest@7e9a5fbe]" name="setUp" is-config="true" duration-ms="4016" started-at="2021-01-18T10:13:33 CST" finished-at="2021-01-18T10:13:37 CST">
          <reporter-output>
          </reporter-output>
        </test-method> <!-- setUp -->
        <test-method status="PASS" signature="googleTitleTest()[pri:1, instance:com.test.GoogleTest@7e9a5fbe]" name="googleTitleTest" duration-ms="10" started-at="2021-01-18T10:13:37 CST" finished-at="2021-01-18T10:13:37 CST">
          <reporter-output>
          </reporter-output>
        </test-method> <!-- googleTitleTest -->
        <test-method status="PASS" signature="tearUp()[pri:0, instance:com.test.GoogleTest@7e9a5fbe]" name="tearUp" is-config="true" duration-ms="79" started-at="2021-01-18T10:13:37 CST" finished-at="2021-01-18T10:13:37 CST">
          <reporter-output>
          </reporter-output>
        </test-method> <!-- tearUp -->
        <test-method status="PASS" signature="setUp()[pri:0, instance:com.test.GoogleTest@7e9a5fbe]" name="setUp" is-config="true" duration-ms="3145" started-at="2021-01-18T10:13:37 CST" finished-at="2021-01-18T10:13:40 CST">
          <reporter-output>
          </reporter-output>
        </test-method> <!-- setUp -->
        <test-method status="FAIL" signature="googleLogoTest()[pri:2, instance:com.test.GoogleTest@7e9a5fbe]" name="googleLogoTest" duration-ms="40093" started-at="2021-01-18T10:13:40 CST" finished-at="2021-01-18T10:14:20 CST">
          <exception class="org.openqa.selenium.NoSuchElementException">
            <message>
              <![CDATA[no such element: Unable to locate element: {"method":"xpath","selector":"//img[@id='hplogo']"}
  (Session info: chrome=87.0.4280.141)
For documentation on this error, please visit: https://www.seleniumhq.org/exceptions/no_such_element.html
Build info: version: '3.141.59', revision: 'e82be7d358', time: '2018-11-14T08:25:48'
System info: host: 'Tejomayis-MBP', ip: 'fe80:0:0:0:1484:5451:1b00:636e%en0', os.name: 'Mac OS X', os.arch: 'x86_64', os.version: '10.15.7', java.version: '1.8.0_271'
Driver info: org.openqa.selenium.chrome.ChromeDriver
Capabilities {acceptInsecureCerts: false, browserName: chrome, browserVersion: 87.0.4280.141, chrome: {chromedriverVersion: 87.0.4280.88 (89e2380a3e36c..., userDataDir: /var/folders/bw/xk99mxv929x...}, goog:chromeOptions: {debuggerAddress: localhost:54300}, javascriptEnabled: true, networkConnectionEnabled: false, pageLoadStrategy: normal, platform: MAC, platformName: MAC, proxy: Proxy(), setWindowRect: true, strictFileInteractability: false, timeouts: {implicit: 0, pageLoad: 300000, script: 30000}, unhandledPromptBehavior: dismiss and notify, webauthn:virtualAuthenticators: true}
Session ID: 111bb013e2a3d4601aad336036a1d7bb
*** Element info: {Using=xpath, value=//img[@id='hplogo']}]]>
            </message>
            <full-stacktrace>
              <![CDATA[org.openqa.selenium.NoSuchElementException: no such element: Unable to locate element: {"method":"xpath","selector":"//img[@id='hplogo']"}
  (Session info: chrome=87.0.4280.141)
For documentation on this error, please visit: https://www.seleniumhq.org/exceptions/no_such_element.html
Build info: version: '3.141.59', revision: 'e82be7d358', time: '2018-11-14T08:25:48'
System info: host: 'Tejomayis-MBP', ip: 'fe80:0:0:0:1484:5451:1b00:636e%en0', os.name: 'Mac OS X', os.arch: 'x86_64', os.version: '10.15.7', java.version: '1.8.0_271'
Driver info: org.openqa.selenium.chrome.ChromeDriver
Capabilities {acceptInsecureCerts: false, browserName: chrome, browserVersion: 87.0.4280.141, chrome: {chromedriverVersion: 87.0.4280.88 (89e2380a3e36c..., userDataDir: /var/folders/bw/xk99mxv929x...}, goog:chromeOptions: {debuggerAddress: localhost:54300}, javascriptEnabled: true, networkConnectionEnabled: false, pageLoadStrategy: normal, platform: MAC, platformName: MAC, proxy: Proxy(), setWindowRect: true, strictFileInteractability: false, timeouts: {implicit: 0, pageLoad: 300000, script: 30000}, unhandledPromptBehavior: dismiss and notify, webauthn:virtualAuthenticators: true}
Session ID: 111bb013e2a3d4601aad336036a1d7bb
*** Element info: {Using=xpath, value=//img[@id='hplogo']}
at sun.reflect.NativeConstructorAccessorImpl.newInstance0(Native Method)
at sun.reflect.NativeConstructorAccessorImpl.newInstance(NativeConstructorAccessorImpl.java:62)
at sun.reflect.DelegatingConstructorAccessorImpl.newInstance(DelegatingConstructorAccessorImpl.java:45)
at java.lang.reflect.Constructor.newInstance(Constructor.java:423)
at org.openqa.selenium.remote.http.W3CHttpResponseCodec.createException(W3CHttpResponseCodec.java:187)
at org.openqa.selenium.remote.http.W3CHttpResponseCodec.decode(W3CHttpResponseCodec.java:122)
at org.openqa.selenium.remote.http.W3CHttpResponseCodec.decode(W3CHttpResponseCodec.java:49)
at org.openqa.selenium.remote.HttpCommandExecutor.execute(HttpCommandExecutor.java:158)
at org.openqa.selenium.remote.service.DriverCommandExecutor.execute(DriverCommandExecutor.java:83)
at org.openqa.selenium.remote.RemoteWebDriver.execute(RemoteWebDriver.java:552)
at org.openqa.selenium.remote.RemoteWebDriver.findElement(RemoteWebDriver.java:323)
at org.openqa.selenium.remote.RemoteWebDriver.findElementByXPath(RemoteWebDriver.java:428)
at org.openqa.selenium.By$ByXPath.findElement(By.java:353)
at org.openqa.selenium.remote.RemoteWebDriver.findElement(RemoteWebDriver.java:315)
at com.test.GoogleTest.googleLogoTest(GoogleTest.java:37)
at sun.reflect.NativeMethodAccessorImpl.invoke0(Native Method)
at sun.reflect.NativeMethodAccessorImpl.invoke(NativeMethodAccessorImpl.java:62)
at sun.reflect.DelegatingMethodAccessorImpl.invoke(DelegatingMethodAccessorImpl.java:43)
at java.lang.reflect.Method.invoke(Method.java:498)
at org.testng.internal.MethodInvocationHelper.invokeMethod(MethodInvocationHelper.java:132)
at org.testng.internal.TestInvoker.invokeMethod(TestInvoker.java:599)
at org.testng.internal.TestInvoker.invokeTestMethod(TestInvoker.java:174)
at org.testng.internal.MethodRunner.runInSequence(MethodRunner.java:46)
at org.testng.internal.TestInvoker$MethodInvocationAgent.invoke(TestInvoker.java:822)
at org.testng.internal.TestInvoker.invokeTestMethods(TestInvoker.java:147)
at org.testng.internal.TestMethodWorker.invokeTestMethods(TestMethodWorker.java:146)
at org.testng.internal.TestMethodWorker.run(TestMethodWorker.java:128)
at java.util.ArrayList.forEach(ArrayList.java:1259)
at org.testng.TestRunner.privateRun(TestRunner.java:764)
at org.testng.TestRunner.run(TestRunner.java:585)
at org.testng.SuiteRunner.runTest(SuiteRunner.java:384)
at org.testng.SuiteRunner.runSequentially(SuiteRunner.java:378)
at org.testng.SuiteRunner.privateRun(SuiteRunner.java:337)
at org.testng.SuiteRunner.run(SuiteRunner.java:286)
at org.testng.SuiteRunnerWorker.runSuite(SuiteRunnerWorker.java:53)
at org.testng.SuiteRunnerWorker.run(SuiteRunnerWorker.java:96)
at org.testng.TestNG.runSuitesSequentially(TestNG.java:1218)
at org.testng.TestNG.runSuitesLocally(TestNG.java:1140)
at org.testng.TestNG.runSuites(TestNG.java:1069)
at org.testng.TestNG.run(TestNG.java:1037)
at org.testng.remote.AbstractRemoteTestNG.run(AbstractRemoteTestNG.java:115)
at org.testng.remote.RemoteTestNG.initAndRun(RemoteTestNG.java:251)
at org.testng.remote.RemoteTestNG.main(RemoteTestNG.java:77)
]]>
            </full-stacktrace>
          </exception> <!-- org.openqa.selenium.NoSuchElementException -->
          <reporter-output>
          </reporter-output>
        </test-method> <!-- googleLogoTest -->
        <test-method status="PASS" signature="tearUp()[pri:0, instance:com.test.GoogleTest@7e9a5fbe]" name="tearUp" is-config="true" duration-ms="93" started-at="2021-01-18T10:14:20 CST" finished-at="2021-01-18T10:14:20 CST">
          <reporter-output>
          </reporter-output>
        </test-method> <!-- tearUp -->
        <test-method status="PASS" signature="setUp()[pri:0, instance:com.test.GoogleTest@7e9a5fbe]" name="setUp" is-config="true" duration-ms="2466" started-at="2021-01-18T10:14:20 CST" finished-at="2021-01-18T10:14:23 CST">
          <reporter-output>
          </reporter-output>
        </test-method> <!-- setUp -->
        <test-method status="PASS" signature="googlelinkText()[pri:3, instance:com.test.GoogleTest@7e9a5fbe]" name="googlelinkText" duration-ms="43" started-at="2021-01-18T10:14:23 CST" finished-at="2021-01-18T10:14:23 CST">
          <reporter-output>
          </reporter-output>
        </test-method> <!-- googlelinkText -->
        <test-method status="PASS" signature="tearUp()[pri:0, instance:com.test.GoogleTest@7e9a5fbe]" name="tearUp" is-config="true" duration-ms="80" started-at="2021-01-18T10:14:23 CST" finished-at="2021-01-18T10:14:23 CST">
          <reporter-output>
          </reporter-output>
        </test-method> <!-- tearUp -->
        <test-method status="PASS" signature="setUp()[pri:0, instance:com.test.GoogleTest@7e9a5fbe]" name="setUp" is-config="true" duration-ms="2626" started-at="2021-01-18T10:14:23 CST" finished-at="2021-01-18T10:14:25 CST">
          <reporter-output>
          </reporter-output>
        </test-method> <!-- setUp -->
        <test-method status="PASS" signature="anotherSample()[pri:4, instance:com.test.GoogleTest@7e9a5fbe]" name="anotherSample" duration-ms="1" started-at="2021-01-18T10:14:25 CST" finished-at="2021-01-18T10:14:25 CST">
          <reporter-output>
          </reporter-output>
        </test-method> <!-- anotherSample -->
        <test-method status="PASS" signature="tearUp()[pri:0, instance:com.test.GoogleTest@7e9a5fbe]" name="tearUp" is-config="true" duration-ms="139" started-at="2021-01-18T10:14:25 CST" finished-at="2021-01-18T10:14:25 CST">
          <reporter-output>
          </reporter-output>
        </test-method> <!-- tearUp -->
        <test-method status="PASS" signature="setUp()[pri:0, instance:com.test.GoogleTest@7e9a5fbe]" name="setUp" is-config="true" duration-ms="1801" started-at="2021-01-18T10:14:25 CST" finished-at="2021-01-18T10:14:27 CST">
          <reporter-output>
          </reporter-output>
        </test-method> <!-- setUp -->
        <test-method status="PASS" signature="sample()[pri:4, instance:com.test.GoogleTest@7e9a5fbe]" name="sample" duration-ms="1" started-at="2021-01-18T10:14:27 CST" finished-at="2021-01-18T10:14:27 CST">
          <reporter-output>
          </reporter-output>
        </test-method> <!-- sample -->
        <test-method status="PASS" signature="tearUp()[pri:0, instance:com.test.GoogleTest@7e9a5fbe]" name="tearUp" is-config="true" duration-ms="81" started-at="2021-01-18T10:14:27 CST" finished-at="2021-01-18T10:14:27 CST">
          <reporter-output>
          </reporter-output>
        </test-method> <!-- tearUp -->
      </class> <!-- com.test.GoogleTest -->
    </test> <!-- Default test -->
  </suite> <!-- Default suite -->
</testng-results>
